[2025-05-15 21:25:02] ACTION: View Processes
[2025-05-15 21:25:22] ACTION: Show Safe Processes to Kill
[2025-05-15 16:31:18] ACTION: View Processes
[2025-05-15 16:31:27] ACTION: Show Safe Processes to Kill
[2025-05-15 16:31:39] ACTION: Kill Process by PID - Attempt
[2025-05-15 16:31:55] ACTION: Kill Process PID 318 - SUCCESS
[2025-05-15 16:31:59] ACTION: View Processes
[2025-05-15 16:32:09] ACTION: View System Usage
[2025-05-15 16:32:28] ACTION: View Logs
[2025-05-15 16:32:36] ACTION: View About
[2025-05-15 16:50:16] ACTION: Exit Application
[2025-05-15 16:50:57] ACTION: Start Interactive Mode
[2025-05-15 17:01:02] ACTION: View Processes
[2025-05-15 17:01:15] ACTION: Show Safe Processes to Kill
[2025-05-15 17:33:26] ACTION: Start Interactive Mode
[2025-05-15 17:39:52] ACTION: Start Interactive Mode
[2025-05-15 17:40:08] ACTION: View System Information
[2025-05-15 17:40:24] ACTION: Show Safe Processes to Kill
[2025-05-15 17:40:34] ACTION: View Processes
[2025-05-15 17:42:13] ACTION: View Processes
[2025-05-15 17:42:17] ACTION: Show Safe Processes to Kill
